This is pdfTeX, Version 3.14159265-2.6-1.40.18 (TeX Live 2017) (preloaded format=pdflatex 2017.5.23)  11 AUG 2018 00:03
entering extended mode
 restricted \write18 enabled.
 %&-line parsing enabled.
**formatting-instructions-latex.tex
(./formatting-instructions-latex.tex
LaTeX2e <2017-04-15>
Babel <3.10> and hyphenation patterns for 84 language(s) loaded.
(/usr/local/texlive/2017/texmf-dist/tex/latex/base/article.cls
Document Class: article 2014/09/29 v1.4h Standard LaTeX document class
(/usr/local/texlive/2017/texmf-dist/tex/latex/base/size10.clo
File: size10.clo 2014/09/29 v1.4h Standard LaTeX file (size option)
)
\c@part=\count79
\c@section=\count80
\c@subsection=\count81
\c@subsubsection=\count82
\c@paragraph=\count83
\c@subparagraph=\count84
\c@figure=\count85
\c@table=\count86
\abovecaptionskip=\skip41
\belowcaptionskip=\skip42
\bibindent=\dimen102
) (./aaai.sty
Conference Style for AAAI for LaTeX 2e -- version of 1 December 2013
\titlebox=\skip43
) (/usr/local/texlive/2017/texmf-dist/tex/latex/psnfss/times.sty
Package: times 2005/04/12 PSNFSS-v9.2a (SPQR) 
)
(/usr/local/texlive/2017/texmf-dist/tex/latex/psnfss/helvet.sty
Package: helvet 2005/04/12 PSNFSS-v9.2a (WaS) 

(/usr/local/texlive/2017/texmf-dist/tex/latex/graphics/keyval.sty
Package: keyval 2014/10/28 v1.15 key=value parser (DPC)
\KV@toks@=\toks14
))
(/usr/local/texlive/2017/texmf-dist/tex/latex/psnfss/courier.sty
Package: courier 2005/04/12 PSNFSS-v9.2a (WaS) 
)
(/usr/local/texlive/2017/texmf-dist/tex/latex/amsmath/amsmath.sty
Package: amsmath 2016/11/05 v2.16a AMS math features
\@mathmargin=\skip44

For additional information on amsmath, use the `?' option.
(/usr/local/texlive/2017/texmf-dist/tex/latex/amsmath/amstext.sty
Package: amstext 2000/06/29 v2.01 AMS text

(/usr/local/texlive/2017/texmf-dist/tex/latex/amsmath/amsgen.sty
File: amsgen.sty 1999/11/30 v2.0 generic functions
\@emptytoks=\toks15
\ex@=\dimen103
))
(/usr/local/texlive/2017/texmf-dist/tex/latex/amsmath/amsbsy.sty
Package: amsbsy 1999/11/29 v1.2d Bold Symbols
\pmbraise@=\dimen104
)
(/usr/local/texlive/2017/texmf-dist/tex/latex/amsmath/amsopn.sty
Package: amsopn 2016/03/08 v2.02 operator names
)
\inf@bad=\count87
LaTeX Info: Redefining \frac on input line 213.
\uproot@=\count88
\leftroot@=\count89
LaTeX Info: Redefining \overline on input line 375.
\classnum@=\count90
\DOTSCASE@=\count91
LaTeX Info: Redefining \ldots on input line 472.
LaTeX Info: Redefining \dots on input line 475.
LaTeX Info: Redefining \cdots on input line 596.
\Mathstrutbox@=\box26
\strutbox@=\box27
\big@size=\dimen105
LaTeX Font Info:    Redeclaring font encoding OML on input line 712.
LaTeX Font Info:    Redeclaring font encoding OMS on input line 713.
\macc@depth=\count92
\c@MaxMatrixCols=\count93
\dotsspace@=\muskip10
\c@parentequation=\count94
\dspbrk@lvl=\count95
\tag@help=\toks16
\row@=\count96
\column@=\count97
\maxfields@=\count98
\andhelp@=\toks17
\eqnshift@=\dimen106
\alignsep@=\dimen107
\tagshift@=\dimen108
\tagwidth@=\dimen109
\totwidth@=\dimen110
\lineht@=\dimen111
\@envbody=\toks18
\multlinegap=\skip45
\multlinetaggap=\skip46
\mathdisplay@stack=\toks19
LaTeX Info: Redefining \[ on input line 2817.
LaTeX Info: Redefining \] on input line 2818.
)
(./formatting-instructions-latex.aux)
\openout1 = `formatting-instructions-latex.aux'.

LaTeX Font Info:    Checking defaults for OML/cmm/m/it on input line 15.
LaTeX Font Info:    ... okay on input line 15.
LaTeX Font Info:    Checking defaults for T1/cmr/m/n on input line 15.
LaTeX Font Info:    ... okay on input line 15.
LaTeX Font Info:    Checking defaults for OT1/cmr/m/n on input line 15.
LaTeX Font Info:    ... okay on input line 15.
LaTeX Font Info:    Checking defaults for OMS/cmsy/m/n on input line 15.
LaTeX Font Info:    ... okay on input line 15.
LaTeX Font Info:    Checking defaults for OMX/cmex/m/n on input line 15.
LaTeX Font Info:    ... okay on input line 15.
LaTeX Font Info:    Checking defaults for U/cmr/m/n on input line 15.
LaTeX Font Info:    ... okay on input line 15.
LaTeX Font Info:    Try loading font information for OT1+ptm on input line 15.

(/usr/local/texlive/2017/texmf-dist/tex/latex/psnfss/ot1ptm.fd
File: ot1ptm.fd 2001/06/04 font definitions for OT1/ptm.
)
LaTeX Font Info:    Font shape `OT1/ptm/bx/n' in size <14.4> not available
(Font)              Font shape `OT1/ptm/b/n' tried instead on input line 25.
LaTeX Font Info:    Font shape `OT1/ptm/bx/n' in size <12> not available
(Font)              Font shape `OT1/ptm/b/n' tried instead on input line 25.
LaTeX Font Info:    Try loading font information for OMS+ptm on input line 25.

(/usr/local/texlive/2017/texmf-dist/tex/latex/psnfss/omsptm.fd
File: omsptm.fd 
)
LaTeX Font Info:    Font shape `OMS/ptm/m/n' in size <9> not available
(Font)              Font shape `OMS/cmsy/m/n' tried instead on input line 25.
LaTeX Font Info:    Font shape `OT1/ptm/bx/n' in size <10> not available
(Font)              Font shape `OT1/ptm/b/n' tried instead on input line 26.

Underfull \hbox (badness 1342) in paragraph at lines 28--29
[][] [] \OML/cmm/m/it/9 f\OT1/cmr/m/n/9 (\OML/cmm/m/it/9 a; s\OT1/cmr/m/n/9 )\O
ML/cmm/m/it/9 ds$\OT1/ptm/m/n/9 . Such ex-pres-sions arise in many
 []


Underfull \hbox (badness 1137) in paragraph at lines 28--29
\OT1/ptm/m/n/9 com-pu-ta-tional do-mains in-clud-ing ma-chine learn-ing,
 []

LaTeX Font Info:    Font shape `OT1/ptm/bx/n' in size <10.95> not available
(Font)              Font shape `OT1/ptm/b/n' tried instead on input line 51.
[1{/usr/local/texlive/2017/texmf-var/fonts/map/pdftex/updmap/pdftex.map}



]
Overfull \hbox (2.92137pt too wide) in paragraph at lines 118--118
[] 
 []

LaTeX Font Info:    Font shape `OMS/ptm/m/n' in size <10> not available
(Font)              Font shape `OMS/cmsy/m/n' tried instead on input line 134.
[2]
LaTeX Font Info:    Font shape `OT1/ptm/bx/n' in size <8> not available
(Font)              Font shape `OT1/ptm/b/n' tried instead on input line 173.

Underfull \hbox (badness 10000) in paragraph at lines 186--225
\OMS/cmsy/m/n/9 n\OT1/ptm/m/n/9 setlength\OMS/cmsy/m/n/9 fn\OT1/ptm/m/n/9 pdfpa
gewidth\OMS/cmsy/m/n/9 gf\OT1/ptm/m/n/9 8.5in\OMS/cmsy/m/n/9 g
 []

[3]
Underfull \hbox (badness 10000) in paragraph at lines 242--249

 []


Underfull \hbox (badness 1281) in paragraph at lines 251--252
\OT1/ptm/m/n/10 The fol-low-ing pack-ages are in-com-pat-i-ble with aaai.sty
 []


Underfull \hbox (badness 3333) in paragraph at lines 286--290
[]\OT1/ptm/m/n/10 This com-mand is usu-ally suf-fi-cient to change the
 []


Underfull \hbox (badness 3942) in paragraph at lines 286--290
\OT1/ptm/m/n/10 for-mat. Some-times, how-ever, it may not work. Use
 []

[4]
Underfull \hbox (badness 1087) in paragraph at lines 298--300
\OMS/cmsy/m/n/10 n\OT1/ptm/m/n/10 abovedisplayskip, \OMS/cmsy/m/n/10 n\OT1/ptm/
m/n/10 belowdisplayskip, and \OMS/cmsy/m/n/10 n\OT1/ptm/m/n/10 arraycolsep.
 []


Underfull \hbox (badness 2035) in paragraph at lines 301--302
\OT1/ptm/m/n/10 in-clude \OMS/cmsy/m/n/10 n\OT1/ptm/m/n/10 columnsep, \OMS/cmsy
/m/n/10 n\OT1/ptm/m/n/10 topmargin, \OMS/cmsy/m/n/10 n\OT1/ptm/m/n/10 topskip, 
\OMS/cmsy/m/n/10 n\OT1/ptm/m/n/10 textheight,
 []


Underfull \hbox (badness 1264) in paragraph at lines 321--323
 \OT1/ptm/b/n/10 Ob-tain-ing Type 1 Com-puter Mod-ern for L[]T[]X. \OT1/ptm/m/n
/10 If
 []


Underfull \hbox (badness 1281) in paragraph at lines 321--323
\OT1/ptm/m/n/10 pa-per (you can-not use it for the text) you may need
 []

[5]
Underfull \hbox (badness 1092) in paragraph at lines 374--377
\OT1/ptm/m/n/10 If the ti-tle and au-thor in-for-ma-tion does not fit in the
 []

LaTeX Font Info:    Try loading font information for OT1+pcr on input line 379.

(/usr/local/texlive/2017/texmf-dist/tex/latex/psnfss/ot1pcr.fd
File: ot1pcr.fd 2001/06/04 font definitions for OT1/pcr.
)
Underfull \hbox (badness 1231) in paragraph at lines 379--382
\OT1/ptm/m/n/10 The copy-right no-tice au-to-mat-i-cally ap-pears if you use
 []

Missing character: There is no Ã in font ptmr7t!
Missing character: There is no ’ in font ptmr7t!
Missing character: There is no Ã in font ptmr7t!
Missing character: There is no “ in font ptmr7t!
[6]
Underfull \hbox (badness 3209) in paragraph at lines 430--431
 \OT1/ptm/b/n/10 Sec-tion Head-ings. \OT1/ptm/m/n/10 Sec-tions should be ar-ran
ged and
 []


Underfull \hbox (badness 1248) in paragraph at lines 433--434
\OT1/ptm/m/n/10 ``Ac-knowl-edg-ments." This sec-tion in-cludes ac-knowl-edg-
 []


Underfull \hbox (badness 2158) in paragraph at lines 436--437
 \OT1/ptm/b/n/10 Ap-pen-dices. \OT1/ptm/m/n/10 Any ap-pen-dices fol-low the ac-
knowl-edg-
 []


Underfull \hbox (badness 2035) in paragraph at lines 439--440
 \OT1/ptm/b/n/10 Ref-er-ences \OT1/ptm/m/n/10 The ref-er-ences sec-tion should 
be la-beled
 []


Underfull \hbox (badness 10000) in paragraph at lines 447--448
 \OT1/ptm/b/n/10 Low-Resolution Bitmaps. \OT1/ptm/m/n/10 You may not use low-
 []


Underfull \hbox (badness 5403) in paragraph at lines 447--448
\OT1/ptm/m/n/10 resolution (such as 72 dpi) screen-dumps and GIF
 []

[7] [8]
Underfull \hbox (badness 1028) in paragraph at lines 572--573
\OT1/ptm/m/n/10 L[]T[]X is a dif-fi-cult pro-gram to mas-ter. If you've used
 []


Underfull \hbox (badness 1389) in paragraph at lines 572--573
\OT1/ptm/m/n/10 that soft-ware, and this doc-u-ment didn't help or some
 []


Underfull \hbox (badness 1087) in paragraph at lines 572--573
\OT1/ptm/m/n/10 2002/08/13) about ob-tain-ing cor-rect PS/PDF out-put on
 []

[9] (./formatting-instructions-latex.aux) ) 
Here is how much of TeX's memory you used:
 1057 strings out of 492995
 12924 string characters out of 6132704
 78415 words of memory out of 5000000
 4622 multiletter control sequences out of 15000+600000
 33991 words of font info for 69 fonts, out of 8000000 for 9000
 1141 hyphenation exceptions out of 8191
 27i,17n,20p,1179b,247s stack positions out of 5000i,500n,10000p,200000b,80000s
{/usr/local/texlive/2017/texmf-dist/
fonts/enc/dvips/base/8r.enc}</usr/local/texlive/2017/texmf-dist/fonts/type1/pub
lic/amsfonts/cm/cmex10.pfb></usr/local/texlive/2017/texmf-dist/fonts/type1/publ
ic/amsfonts/cmextra/cmex9.pfb></usr/local/texlive/2017/texmf-dist/fonts/type1/p
ublic/amsfonts/cm/cmmi10.pfb></usr/local/texlive/2017/texmf-dist/fonts/type1/pu
blic/amsfonts/cm/cmmi6.pfb></usr/local/texlive/2017/texmf-dist/fonts/type1/publ
ic/amsfonts/cm/cmmi7.pfb></usr/local/texlive/2017/texmf-dist/fonts/type1/public
/amsfonts/cm/cmmi9.pfb></usr/local/texlive/2017/texmf-dist/fonts/type1/public/a
msfonts/cm/cmr10.pfb></usr/local/texlive/2017/texmf-dist/fonts/type1/public/ams
fonts/cm/cmr7.pfb></usr/local/texlive/2017/texmf-dist/fonts/type1/public/amsfon
ts/cm/cmr9.pfb></usr/local/texlive/2017/texmf-dist/fonts/type1/public/amsfonts/
cm/cmsy10.pfb></usr/local/texlive/2017/texmf-dist/fonts/type1/public/amsfonts/c
m/cmsy7.pfb></usr/local/texlive/2017/texmf-dist/fonts/type1/public/amsfonts/cm/
cmsy9.pfb></usr/local/texlive/2017/texmf-dist/fonts/type1/urw/courier/ucrr8a.pf
b></usr/local/texlive/2017/texmf-dist/fonts/type1/urw/times/utmb8a.pfb></usr/lo
cal/texlive/2017/texmf-dist/fonts/type1/urw/times/utmr8a.pfb></usr/local/texliv
e/2017/texmf-dist/fonts/type1/urw/times/utmri8a.pfb>
Output written on formatting-instructions-latex.pdf (9 pages, 195833 bytes).
PDF statistics:
 99 PDF objects out of 1000 (max. 8388607)
 71 compressed objects within 1 object stream
 0 named destinations out of 1000 (max. 500000)
 1 words of extra memory for PDF output out of 10000 (max. 10000000)

